This file contains any messages produced by compilers while
running configure, to aid debugging if configure makes a mistake.

It was created by vorticus configure 0.1, which was
generated by GNU Autoconf 2.69.  Invocation command line was

  $ ./configure 

## --------- ##
## Platform. ##
## --------- ##

hostname = yutaka-VirtualBox
uname -m = x86_64
uname -r = 4.13.0-45-generic
uname -s = Linux
uname -v = #50-Ubuntu SMP Wed May 30 08:23:18 UTC 2018

/usr/bin/uname -p = unknown
/bin/uname -X     = unknown

/bin/arch              = unknown
/usr/bin/arch -k       = unknown
/usr/convex/getsysinfo = unknown
/usr/bin/hostinfo      = unknown
/bin/machine           = unknown
/usr/bin/oslevel       = unknown
/bin/universe          = unknown

PATH: /usr/local/sbin
PATH: /usr/local/bin
PATH: /usr/sbin
PATH: /usr/bin
PATH: /sbin
PATH: /bin
PATH: /usr/games
PATH: /usr/local/games
PATH: /snap/bin


## ----------- ##
## Core tests. ##
## ----------- ##

configure:2393: checking build system type
configure:2407: result: x86_64-unknown-linux-gnu
configure:2427: checking host system type
configure:2440: result: x86_64-unknown-linux-gnu
configure:2460: checking target system type
configure:2473: result: x86_64-unknown-linux-gnu
configure:2518: checking for a BSD-compatible install
configure:2586: result: /usr/bin/install -c
configure:2597: checking whether build environment is sane
configure:2652: result: yes
configure:2803: checking for a thread-safe mkdir -p
configure:2842: result: /bin/mkdir -p
configure:2849: checking for gawk
configure:2879: result: no
configure:2849: checking for mawk
configure:2865: found /usr/bin/mawk
configure:2876: result: mawk
configure:2887: checking whether make sets $(MAKE)
configure:2909: result: yes
configure:2938: checking whether make supports nested variables
configure:2955: result: yes
configure:3092: checking whether make supports nested variables
configure:3109: result: yes
configure:3132: checking for style of include used by make
configure:3160: result: GNU
configure:3231: checking for gcc
configure:3247: found /usr/bin/gcc
configure:3258: result: gcc
configure:3487: checking for C compiler version
configure:3496: gcc --version >&5
gcc (Ubuntu 7.2.0-8ubuntu3.2) 7.2.0
Copyright (C) 2017 Free Software Foundation, Inc.
This is free software; see the source for copying conditions.  There is NO
warranty; not even for MERCHANTABILITY or FITNESS FOR A PARTICULAR PURPOSE.

configure:3507: $? = 0
configure:3496: gcc -v >&5
Using built-in specs.
COLLECT_GCC=gcc
COLLECT_LTO_WRAPPER=/usr/lib/gcc/x86_64-linux-gnu/7/lto-wrapper
OFFLOAD_TARGET_NAMES=nvptx-none
OFFLOAD_TARGET_DEFAULT=1
Target: x86_64-linux-gnu
Configured with: ../src/configure -v --with-pkgversion='Ubuntu 7.2.0-8ubuntu3.2' --with-bugurl=file:///usr/share/doc/gcc-7/README.Bugs --enable-languages=c,ada,c++,go,brig,d,fortran,objc,obj-c++ --prefix=/usr --with-gcc-major-version-only --program-suffix=-7 --program-prefix=x86_64-linux-gnu- --enable-shared --enable-linker-build-id --libexecdir=/usr/lib --without-included-gettext --enable-threads=posix --libdir=/usr/lib --enable-nls --with-sysroot=/ --enable-clocale=gnu --enable-libstdcxx-debug --enable-libstdcxx-time=yes --with-default-libstdcxx-abi=new --enable-gnu-unique-object --disable-vtable-verify --enable-libmpx --enable-plugin --enable-default-pie --with-system-zlib --with-target-system-zlib --enable-objc-gc=auto --enable-multiarch --disable-werror --with-arch-32=i686 --with-abi=m64 --with-multilib-list=m32,m64,mx32 --enable-multilib --with-tune=generic --enable-offload-targets=nvptx-none --without-cuda-driver --enable-checking=release --build=x86_64-linux-gnu --host=x86_64-linux-gnu --target=x86_64-linux-gnu
Thread model: posix
gcc version 7.2.0 (Ubuntu 7.2.0-8ubuntu3.2) 
configure:3507: $? = 0
configure:3496: gcc -V >&5
gcc: error: unrecognized command line option '-V'
gcc: fatal error: no input files
compilation terminated.
configure:3507: $? = 1
configure:3496: gcc -qversion >&5
gcc: error: unrecognized command line option '-qversion'; did you mean '--version'?
gcc: fatal error: no input files
compilation terminated.
configure:3507: $? = 1
configure:3527: checking whether the C compiler works
configure:3549: gcc    conftest.c  >&5
configure:3553: $? = 0
configure:3601: result: yes
configure:3604: checking for C compiler default output file name
configure:3606: result: a.out
configure:3612: checking for suffix of executables
configure:3619: gcc -o conftest    conftest.c  >&5
configure:3623: $? = 0
configure:3645: result: 
configure:3667: checking whether we are cross compiling
configure:3675: gcc -o conftest    conftest.c  >&5
configure:3679: $? = 0
configure:3686: ./conftest
configure:3690: $? = 0
configure:3705: result: no
configure:3710: checking for suffix of object files
configure:3732: gcc -c   conftest.c >&5
configure:3736: $? = 0
configure:3757: result: o
configure:3761: checking whether we are using the GNU C compiler
configure:3780: gcc -c   conftest.c >&5
configure:3780: $? = 0
configure:3789: result: yes
configure:3798: checking whether gcc accepts -g
configure:3818: gcc -c -g  conftest.c >&5
configure:3818: $? = 0
configure:3859: result: yes
configure:3876: checking for gcc option to accept ISO C89
configure:3939: gcc  -c -g -O2  conftest.c >&5
configure:3939: $? = 0
configure:3952: result: none needed
configure:3977: checking whether gcc understands -c and -o together
configure:3999: gcc -c conftest.c -o conftest2.o
configure:4002: $? = 0
configure:3999: gcc -c conftest.c -o conftest2.o
configure:4002: $? = 0
configure:4014: result: yes
configure:4033: checking dependency style of gcc
configure:4144: result: gcc3
configure:4209: checking for ar
configure:4225: found /usr/bin/ar
configure:4236: result: ar
configure:4262: checking the archiver (ar) interface
configure:4278: gcc -c -g -O2  conftest.c >&5
configure:4278: $? = 0
configure:4280: ar cru libconftest.a conftest.o >&5
ar: `u' modifier ignored since `D' is the default (see `U')
configure:4283: $? = 0
configure:4311: result: ar
configure:4386: checking for gcc
configure:4413: result: gcc
configure:4642: checking for C compiler version
configure:4651: gcc --version >&5
gcc (Ubuntu 7.2.0-8ubuntu3.2) 7.2.0
Copyright (C) 2017 Free Software Foundation, Inc.
This is free software; see the source for copying conditions.  There is NO
warranty; not even for MERCHANTABILITY or FITNESS FOR A PARTICULAR PURPOSE.

configure:4662: $? = 0
configure:4651: gcc -v >&5
Using built-in specs.
COLLECT_GCC=gcc
COLLECT_LTO_WRAPPER=/usr/lib/gcc/x86_64-linux-gnu/7/lto-wrapper
OFFLOAD_TARGET_NAMES=nvptx-none
OFFLOAD_TARGET_DEFAULT=1
Target: x86_64-linux-gnu
Configured with: ../src/configure -v --with-pkgversion='Ubuntu 7.2.0-8ubuntu3.2' --with-bugurl=file:///usr/share/doc/gcc-7/README.Bugs --enable-languages=c,ada,c++,go,brig,d,fortran,objc,obj-c++ --prefix=/usr --with-gcc-major-version-only --program-suffix=-7 --program-prefix=x86_64-linux-gnu- --enable-shared --enable-linker-build-id --libexecdir=/usr/lib --without-included-gettext --enable-threads=posix --libdir=/usr/lib --enable-nls --with-sysroot=/ --enable-clocale=gnu --enable-libstdcxx-debug --enable-libstdcxx-time=yes --with-default-libstdcxx-abi=new --enable-gnu-unique-object --disable-vtable-verify --enable-libmpx --enable-plugin --enable-default-pie --with-system-zlib --with-target-system-zlib --enable-objc-gc=auto --enable-multiarch --disable-werror --with-arch-32=i686 --with-abi=m64 --with-multilib-list=m32,m64,mx32 --enable-multilib --with-tune=generic --enable-offload-targets=nvptx-none --without-cuda-driver --enable-checking=release --build=x86_64-linux-gnu --host=x86_64-linux-gnu --target=x86_64-linux-gnu
Thread model: posix
gcc version 7.2.0 (Ubuntu 7.2.0-8ubuntu3.2) 
configure:4662: $? = 0
configure:4651: gcc -V >&5
gcc: error: unrecognized command line option '-V'
gcc: fatal error: no input files
compilation terminated.
configure:4662: $? = 1
configure:4651: gcc -qversion >&5
gcc: error: unrecognized command line option '-qversion'; did you mean '--version'?
gcc: fatal error: no input files
compilation terminated.
configure:4662: $? = 1
configure:4666: checking whether we are using the GNU C compiler
configure:4694: result: yes
configure:4703: checking whether gcc accepts -g
configure:4764: result: yes
configure:4781: checking for gcc option to accept ISO C89
configure:4857: result: none needed
configure:4882: checking whether gcc understands -c and -o together
configure:4919: result: yes
configure:4938: checking dependency style of gcc
configure:5049: result: gcc3
configure:5122: checking for g++
configure:5138: found /usr/bin/g++
configure:5149: result: g++
configure:5176: checking for C++ compiler version
configure:5185: g++ --version >&5
g++ (Ubuntu 7.2.0-8ubuntu3.2) 7.2.0
Copyright (C) 2017 Free Software Foundation, Inc.
This is free software; see the source for copying conditions.  There is NO
warranty; not even for MERCHANTABILITY or FITNESS FOR A PARTICULAR PURPOSE.

configure:5196: $? = 0
configure:5185: g++ -v >&5
Using built-in specs.
COLLECT_GCC=g++
COLLECT_LTO_WRAPPER=/usr/lib/gcc/x86_64-linux-gnu/7/lto-wrapper
OFFLOAD_TARGET_NAMES=nvptx-none
OFFLOAD_TARGET_DEFAULT=1
Target: x86_64-linux-gnu
Configured with: ../src/configure -v --with-pkgversion='Ubuntu 7.2.0-8ubuntu3.2' --with-bugurl=file:///usr/share/doc/gcc-7/README.Bugs --enable-languages=c,ada,c++,go,brig,d,fortran,objc,obj-c++ --prefix=/usr --with-gcc-major-version-only --program-suffix=-7 --program-prefix=x86_64-linux-gnu- --enable-shared --enable-linker-build-id --libexecdir=/usr/lib --without-included-gettext --enable-threads=posix --libdir=/usr/lib --enable-nls --with-sysroot=/ --enable-clocale=gnu --enable-libstdcxx-debug --enable-libstdcxx-time=yes --with-default-libstdcxx-abi=new --enable-gnu-unique-object --disable-vtable-verify --enable-libmpx --enable-plugin --enable-default-pie --with-system-zlib --with-target-system-zlib --enable-objc-gc=auto --enable-multiarch --disable-werror --with-arch-32=i686 --with-abi=m64 --with-multilib-list=m32,m64,mx32 --enable-multilib --with-tune=generic --enable-offload-targets=nvptx-none --without-cuda-driver --enable-checking=release --build=x86_64-linux-gnu --host=x86_64-linux-gnu --target=x86_64-linux-gnu
Thread model: posix
gcc version 7.2.0 (Ubuntu 7.2.0-8ubuntu3.2) 
configure:5196: $? = 0
configure:5185: g++ -V >&5
g++: error: unrecognized command line option '-V'
g++: fatal error: no input files
compilation terminated.
configure:5196: $? = 1
configure:5185: g++ -qversion >&5
g++: error: unrecognized command line option '-qversion'; did you mean '--version'?
g++: fatal error: no input files
compilation terminated.
configure:5196: $? = 1
configure:5200: checking whether we are using the GNU C++ compiler
configure:5219: g++ -c   conftest.cpp >&5
configure:5219: $? = 0
configure:5228: result: yes
configure:5237: checking whether g++ accepts -g
configure:5257: g++ -c -g  conftest.cpp >&5
configure:5257: $? = 0
configure:5298: result: yes
configure:5323: checking dependency style of g++
configure:5434: result: gcc3
configure:5458: checking for g++ option to support OpenMP
configure:5473: g++ -o conftest -g -O2   conftest.cpp  >&5
conftest.cpp:13:2: error: 'choke' does not name a type
  choke me
  ^~~~~
In file included from conftest.cpp:15:0:
/usr/lib/gcc/x86_64-linux-gnu/7/include/omp.h:39:3: error: 'omp_lock_t' does not name a type
 } omp_lock_t;
   ^~~~~~~~~~
/usr/lib/gcc/x86_64-linux-gnu/7/include/omp.h:100:28: error: variable or field 'omp_init_lock' declared void
 extern void omp_init_lock (omp_lock_t *) __GOMP_NOTHROW;
                            ^~~~~~~~~~
/usr/lib/gcc/x86_64-linux-gnu/7/include/omp.h:100:28: error: 'omp_lock_t' was not declared in this scope
/usr/lib/gcc/x86_64-linux-gnu/7/include/omp.h:100:28: note: suggested alternative: 'omp_lock_hint_t'
 extern void omp_init_lock (omp_lock_t *) __GOMP_NOTHROW;
                            ^~~~~~~~~~
                            omp_lock_hint_t
/usr/lib/gcc/x86_64-linux-gnu/7/include/omp.h:100:40: error: expected primary-expression before ')' token
 extern void omp_init_lock (omp_lock_t *) __GOMP_NOTHROW;
                                        ^
/usr/lib/gcc/x86_64-linux-gnu/7/include/omp.h:101:38: error: variable or field 'omp_init_lock_with_hint' declared void
 extern void omp_init_lock_with_hint (omp_lock_t *, omp_lock_hint_t)
                                      ^~~~~~~~~~
/usr/lib/gcc/x86_64-linux-gnu/7/include/omp.h:101:38: error: 'omp_lock_t' was not declared in this scope
/usr/lib/gcc/x86_64-linux-gnu/7/include/omp.h:101:38: note: suggested alternative: 'omp_lock_hint_t'
 extern void omp_init_lock_with_hint (omp_lock_t *, omp_lock_hint_t)
                                      ^~~~~~~~~~
                                      omp_lock_hint_t
/usr/lib/gcc/x86_64-linux-gnu/7/include/omp.h:101:50: error: expected primary-expression before ',' token
 extern void omp_init_lock_with_hint (omp_lock_t *, omp_lock_hint_t)
                                                  ^
/usr/lib/gcc/x86_64-linux-gnu/7/include/omp.h:101:67: error: expected primary-expression before ')' token
 extern void omp_init_lock_with_hint (omp_lock_t *, omp_lock_hint_t)
                                                                   ^
/usr/lib/gcc/x86_64-linux-gnu/7/include/omp.h:103:31: error: variable or field 'omp_destroy_lock' declared void
 extern void omp_destroy_lock (omp_lock_t *) __GOMP_NOTHROW;
                               ^~~~~~~~~~
/usr/lib/gcc/x86_64-linux-gnu/7/include/omp.h:103:31: error: 'omp_lock_t' was not declared in this scope
/usr/lib/gcc/x86_64-linux-gnu/7/include/omp.h:103:31: note: suggested alternative: 'omp_lock_hint_t'
 extern void omp_destroy_lock (omp_lock_t *) __GOMP_NOTHROW;
                               ^~~~~~~~~~
                               omp_lock_hint_t
/usr/lib/gcc/x86_64-linux-gnu/7/include/omp.h:103:43: error: expected primary-expression before ')' token
 extern void omp_destroy_lock (omp_lock_t *) __GOMP_NOTHROW;
                                           ^
/usr/lib/gcc/x86_64-linux-gnu/7/include/omp.h:104:27: error: variable or field 'omp_set_lock' declared void
 extern void omp_set_lock (omp_lock_t *) __GOMP_NOTHROW;
                           ^~~~~~~~~~
/usr/lib/gcc/x86_64-linux-gnu/7/include/omp.h:104:27: error: 'omp_lock_t' was not declared in this scope
/usr/lib/gcc/x86_64-linux-gnu/7/include/omp.h:104:27: note: suggested alternative: 'omp_lock_hint_t'
 extern void omp_set_lock (omp_lock_t *) __GOMP_NOTHROW;
                           ^~~~~~~~~~
                           omp_lock_hint_t
/usr/lib/gcc/x86_64-linux-gnu/7/include/omp.h:104:39: error: expected primary-expression before ')' token
 extern void omp_set_lock (omp_lock_t *) __GOMP_NOTHROW;
                                       ^
/usr/lib/gcc/x86_64-linux-gnu/7/include/omp.h:105:29: error: variable or field 'omp_unset_lock' declared void
 extern void omp_unset_lock (omp_lock_t *) __GOMP_NOTHROW;
                             ^~~~~~~~~~
/usr/lib/gcc/x86_64-linux-gnu/7/include/omp.h:105:29: error: 'omp_lock_t' was not declared in this scope
/usr/lib/gcc/x86_64-linux-gnu/7/include/omp.h:105:29: note: suggested alternative: 'omp_lock_hint_t'
 extern void omp_unset_lock (omp_lock_t *) __GOMP_NOTHROW;
                             ^~~~~~~~~~
                             omp_lock_hint_t
/usr/lib/gcc/x86_64-linux-gnu/7/include/omp.h:105:41: error: expected primary-expression before ')' token
 extern void omp_unset_lock (omp_lock_t *) __GOMP_NOTHROW;
                                         ^
/usr/lib/gcc/x86_64-linux-gnu/7/include/omp.h:106:27: error: 'omp_lock_t' was not declared in this scope
 extern int omp_test_lock (omp_lock_t *) __GOMP_NOTHROW;
                           ^~~~~~~~~~
/usr/lib/gcc/x86_64-linux-gnu/7/include/omp.h:106:27: note: suggested alternative: 'omp_lock_hint_t'
 extern int omp_test_lock (omp_lock_t *) __GOMP_NOTHROW;
                           ^~~~~~~~~~
                           omp_lock_hint_t
/usr/lib/gcc/x86_64-linux-gnu/7/include/omp.h:106:39: error: expected primary-expression before ')' token
 extern int omp_test_lock (omp_lock_t *) __GOMP_NOTHROW;
                                       ^
/usr/lib/gcc/x86_64-linux-gnu/7/include/omp.h:109:43: error: variable or field 'omp_init_nest_lock_with_hint' declared void
 extern void omp_init_nest_lock_with_hint (omp_lock_t *, omp_lock_hint_t)
                                           ^~~~~~~~~~
/usr/lib/gcc/x86_64-linux-gnu/7/include/omp.h:109:43: error: 'omp_lock_t' was not declared in this scope
/usr/lib/gcc/x86_64-linux-gnu/7/include/omp.h:109:43: note: suggested alternative: 'omp_lock_hint_t'
 extern void omp_init_nest_lock_with_hint (omp_lock_t *, omp_lock_hint_t)
                                           ^~~~~~~~~~
                                           omp_lock_hint_t
/usr/lib/gcc/x86_64-linux-gnu/7/include/omp.h:109:55: error: expected primary-expression before ',' token
 extern void omp_init_nest_lock_with_hint (omp_lock_t *, omp_lock_hint_t)
                                                       ^
/usr/lib/gcc/x86_64-linux-gnu/7/include/omp.h:109:72: error: expected primary-expression before ')' token
 extern void omp_init_nest_lock_with_hint (omp_lock_t *, omp_lock_hint_t)
                                                                        ^
configure:5473: $? = 1
configure: failed program was:
| /* confdefs.h */
| #define PACKAGE_NAME "vorticus"
| #define PACKAGE_TARNAME "vorticus"
| #define PACKAGE_VERSION "0.1"
| #define PACKAGE_STRING "vorticus 0.1"
| #define PACKAGE_BUGREPORT ""
| #define PACKAGE_URL ""
| #define PACKAGE "vorticus"
| #define VERSION "0.1"
| /* end confdefs.h.  */
| 
| #ifndef _OPENMP
|  choke me
| #endif
| #include <omp.h>
| int main () { return omp_get_num_threads (); }
| 
configure:5491: g++ -o conftest -g -O2 -fopenmp   conftest.cpp  >&5
configure:5491: $? = 0
configure:5505: result: -fopenmp
configure:5570: checking for g77
configure:5600: result: no
configure:5570: checking for xlf
configure:5600: result: no
configure:5570: checking for f77
configure:5586: found /usr/bin/f77
configure:5597: result: f77
configure:5623: checking for Fortran 77 compiler version
configure:5632: f77 --version >&5
GNU Fortran (Ubuntu 7.2.0-8ubuntu3.2) 7.2.0
Copyright (C) 2017 Free Software Foundation, Inc.
This is free software; see the source for copying conditions.  There is NO
warranty; not even for MERCHANTABILITY or FITNESS FOR A PARTICULAR PURPOSE.

configure:5643: $? = 0
configure:5632: f77 -v >&5
Using built-in specs.
COLLECT_GCC=f77
COLLECT_LTO_WRAPPER=/usr/lib/gcc/x86_64-linux-gnu/7/lto-wrapper
OFFLOAD_TARGET_NAMES=nvptx-none
OFFLOAD_TARGET_DEFAULT=1
Target: x86_64-linux-gnu
Configured with: ../src/configure -v --with-pkgversion='Ubuntu 7.2.0-8ubuntu3.2' --with-bugurl=file:///usr/share/doc/gcc-7/README.Bugs --enable-languages=c,ada,c++,go,brig,d,fortran,objc,obj-c++ --prefix=/usr --with-gcc-major-version-only --program-suffix=-7 --program-prefix=x86_64-linux-gnu- --enable-shared --enable-linker-build-id --libexecdir=/usr/lib --without-included-gettext --enable-threads=posix --libdir=/usr/lib --enable-nls --with-sysroot=/ --enable-clocale=gnu --enable-libstdcxx-debug --enable-libstdcxx-time=yes --with-default-libstdcxx-abi=new --enable-gnu-unique-object --disable-vtable-verify --enable-libmpx --enable-plugin --enable-default-pie --with-system-zlib --with-target-system-zlib --enable-objc-gc=auto --enable-multiarch --disable-werror --with-arch-32=i686 --with-abi=m64 --with-multilib-list=m32,m64,mx32 --enable-multilib --with-tune=generic --enable-offload-targets=nvptx-none --without-cuda-driver --enable-checking=release --build=x86_64-linux-gnu --host=x86_64-linux-gnu --target=x86_64-linux-gnu
Thread model: posix
gcc version 7.2.0 (Ubuntu 7.2.0-8ubuntu3.2) 
configure:5643: $? = 0
configure:5632: f77 -V >&5
f77: error: unrecognized command line option '-V'
f77: fatal error: no input files
compilation terminated.
configure:5643: $? = 1
configure:5632: f77 -qversion >&5
f77: error: unrecognized command line option '-qversion'; did you mean '--version'?
f77: fatal error: no input files
compilation terminated.
configure:5643: $? = 1
configure:5652: checking whether we are using the GNU Fortran 77 compiler
configure:5665: f77 -c  conftest.F >&5
configure:5665: $? = 0
configure:5674: result: yes
configure:5680: checking whether f77 accepts -g
configure:5691: f77 -c -g conftest.f >&5
configure:5691: $? = 0
configure:5699: result: yes
configure:5733: checking how to get verbose linking output from f77
configure:5743: f77 -c -g -O2 conftest.f >&5
configure:5743: $? = 0
configure:5761: f77 -o conftest -g -O2 -v conftest.f
Using built-in specs.
Target: x86_64-linux-gnu
Thread model: posix
gcc version 7.2.0 (Ubuntu 7.2.0-8ubuntu3.2) 
 /usr/lib/gcc/x86_64-linux-gnu/7/f951 conftest.f -ffixed-form -quiet -dumpbase conftest.f -mtune=generic -march=x86-64 -auxbase conftest -g -O2 -version -fintrinsic-modules-path /usr/lib/gcc/x86_64-linux-gnu/7/finclude -o /tmp/cc9QbMSK.s
GNU Fortran (Ubuntu 7.2.0-8ubuntu3.2) version 7.2.0 (x86_64-linux-gnu)
	compiled by GNU C version 7.2.0, GMP version 6.1.2, MPFR version 3.1.6, MPC version 1.0.3, isl version isl-0.18-GMP

GGC heuristics: --param ggc-min-expand=100 --param ggc-min-heapsize=131072
GNU Fortran2008 (Ubuntu 7.2.0-8ubuntu3.2) version 7.2.0 (x86_64-linux-gnu)
	compiled by GNU C version 7.2.0, GMP version 6.1.2, MPFR version 3.1.6, MPC version 1.0.3, isl version isl-0.18-GMP

GGC heuristics: --param ggc-min-expand=100 --param ggc-min-heapsize=131072
 as -v --64 -o /tmp/cc6GFi9Y.o /tmp/cc9QbMSK.s
GNU assembler version 2.29.1 (x86_64-linux-gnu) using BFD version (GNU Binutils for Ubuntu) 2.29.1
Reading specs from /usr/lib/gcc/x86_64-linux-gnu/7/libgfortran.spec
rename spec lib to liborig
 /usr/lib/gcc/x86_64-linux-gnu/7/collect2 -plugin /usr/lib/gcc/x86_64-linux-gnu/7/liblto_plugin.so -plugin-opt=/usr/lib/gcc/x86_64-linux-gnu/7/lto-wrapper -plugin-opt=-fresolution=/tmp/ccLkUOqd.res -plugin-opt=-pass-through=-lgcc_s -plugin-opt=-pass-through=-lgcc -plugin-opt=-pass-through=-lquadmath -plugin-opt=-pass-through=-lm -plugin-opt=-pass-through=-lgcc_s -plugin-opt=-pass-through=-lgcc -plugin-opt=-pass-through=-lc -plugin-opt=-pass-through=-lgcc_s -plugin-opt=-pass-through=-lgcc --sysroot=/ --build-id --eh-frame-hdr -m elf_x86_64 --hash-style=gnu --as-needed -dynamic-linker /lib64/ld-linux-x86-64.so.2 -pie -z now -z relro -o conftest /usr/lib/gcc/x86_64-linux-gnu/7/../../../x86_64-linux-gnu/Scrt1.o /usr/lib/gcc/x86_64-linux-gnu/7/../../../x86_64-linux-gnu/crti.o /usr/lib/gcc/x86_64-linux-gnu/7/crtbeginS.o -L/usr/lib/gcc/x86_64-linux-gnu/7 -L/usr/lib/gcc/x86_64-linux-gnu/7/../../../x86_64-linux-gnu -L/usr/lib/gcc/x86_64-linux-gnu/7/../../../../lib -L/lib/x86_64-linux-gnu -L/lib/../lib -L/usr/lib/x86_64-linux-gnu -L/usr/lib/../lib -L/usr/lib/gcc/x86_64-linux-gnu/7/../../.. /tmp/cc6GFi9Y.o -lgfortran -lm -lgcc_s -lgcc -lquadmath -lm -lgcc_s -lgcc -lc -lgcc_s -lgcc /usr/lib/gcc/x86_64-linux-gnu/7/crtendS.o /usr/lib/gcc/x86_64-linux-gnu/7/../../../x86_64-linux-gnu/crtn.o
configure:5844: result: -v
configure:5846: checking for Fortran 77 libraries of f77
configure:5869: f77 -o conftest -g -O2 -v conftest.f
Using built-in specs.
Target: x86_64-linux-gnu
Thread model: posix
gcc version 7.2.0 (Ubuntu 7.2.0-8ubuntu3.2) 
 /usr/lib/gcc/x86_64-linux-gnu/7/f951 conftest.f -ffixed-form -quiet -dumpbase conftest.f -mtune=generic -march=x86-64 -auxbase conftest -g -O2 -version -fintrinsic-modules-path /usr/lib/gcc/x86_64-linux-gnu/7/finclude -o /tmp/ccQa6B7R.s
GNU Fortran (Ubuntu 7.2.0-8ubuntu3.2) version 7.2.0 (x86_64-linux-gnu)
	compiled by GNU C version 7.2.0, GMP version 6.1.2, MPFR version 3.1.6, MPC version 1.0.3, isl version isl-0.18-GMP

GGC heuristics: --param ggc-min-expand=100 --param ggc-min-heapsize=131072
GNU Fortran2008 (Ubuntu 7.2.0-8ubuntu3.2) version 7.2.0 (x86_64-linux-gnu)
	compiled by GNU C version 7.2.0, GMP version 6.1.2, MPFR version 3.1.6, MPC version 1.0.3, isl version isl-0.18-GMP

GGC heuristics: --param ggc-min-expand=100 --param ggc-min-heapsize=131072
 as -v --64 -o /tmp/ccPaEUD6.o /tmp/ccQa6B7R.s
GNU assembler version 2.29.1 (x86_64-linux-gnu) using BFD version (GNU Binutils for Ubuntu) 2.29.1
Reading specs from /usr/lib/gcc/x86_64-linux-gnu/7/libgfortran.spec
rename spec lib to liborig
 /usr/lib/gcc/x86_64-linux-gnu/7/collect2 -plugin /usr/lib/gcc/x86_64-linux-gnu/7/liblto_plugin.so -plugin-opt=/usr/lib/gcc/x86_64-linux-gnu/7/lto-wrapper -plugin-opt=-fresolution=/tmp/ccu47vbl.res -plugin-opt=-pass-through=-lgcc_s -plugin-opt=-pass-through=-lgcc -plugin-opt=-pass-through=-lquadmath -plugin-opt=-pass-through=-lm -plugin-opt=-pass-through=-lgcc_s -plugin-opt=-pass-through=-lgcc -plugin-opt=-pass-through=-lc -plugin-opt=-pass-through=-lgcc_s -plugin-opt=-pass-through=-lgcc --sysroot=/ --build-id --eh-frame-hdr -m elf_x86_64 --hash-style=gnu --as-needed -dynamic-linker /lib64/ld-linux-x86-64.so.2 -pie -z now -z relro -o conftest /usr/lib/gcc/x86_64-linux-gnu/7/../../../x86_64-linux-gnu/Scrt1.o /usr/lib/gcc/x86_64-linux-gnu/7/../../../x86_64-linux-gnu/crti.o /usr/lib/gcc/x86_64-linux-gnu/7/crtbeginS.o -L/usr/lib/gcc/x86_64-linux-gnu/7 -L/usr/lib/gcc/x86_64-linux-gnu/7/../../../x86_64-linux-gnu -L/usr/lib/gcc/x86_64-linux-gnu/7/../../../../lib -L/lib/x86_64-linux-gnu -L/lib/../lib -L/usr/lib/x86_64-linux-gnu -L/usr/lib/../lib -L/usr/lib/gcc/x86_64-linux-gnu/7/../../.. /tmp/ccPaEUD6.o -lgfortran -lm -lgcc_s -lgcc -lquadmath -lm -lgcc_s -lgcc -lc -lgcc_s -lgcc /usr/lib/gcc/x86_64-linux-gnu/7/crtendS.o /usr/lib/gcc/x86_64-linux-gnu/7/../../../x86_64-linux-gnu/crtn.o
configure:6065: result:  -L/usr/lib/gcc/x86_64-linux-gnu/7 -L/usr/lib/gcc/x86_64-linux-gnu/7/../../../x86_64-linux-gnu -L/usr/lib/gcc/x86_64-linux-gnu/7/../../../../lib -L/lib/x86_64-linux-gnu -L/lib/../lib -L/usr/lib/x86_64-linux-gnu -L/usr/lib/../lib -L/usr/lib/gcc/x86_64-linux-gnu/7/../../.. -lgfortran -lm -lquadmath
configure:6081: checking for dummy main to link with Fortran 77 libraries
configure:6115: gcc -o conftest -g -O2   conftest.c   -L/usr/lib/gcc/x86_64-linux-gnu/7 -L/usr/lib/gcc/x86_64-linux-gnu/7/../../../x86_64-linux-gnu -L/usr/lib/gcc/x86_64-linux-gnu/7/../../../../lib -L/lib/x86_64-linux-gnu -L/lib/../lib -L/usr/lib/x86_64-linux-gnu -L/usr/lib/../lib -L/usr/lib/gcc/x86_64-linux-gnu/7/../../.. -lgfortran -lm -lquadmath >&5
configure:6115: $? = 0
configure:6160: result: none
configure:6193: checking for Fortran 77 name-mangling scheme
configure:6206: f77 -c -g -O2 conftest.f >&5
configure:6206: $? = 0
configure:6247: gcc -o conftest -g -O2   conftest.c cfortran_test.o   -L/usr/lib/gcc/x86_64-linux-gnu/7 -L/usr/lib/gcc/x86_64-linux-gnu/7/../../../x86_64-linux-gnu -L/usr/lib/gcc/x86_64-linux-gnu/7/../../../../lib -L/lib/x86_64-linux-gnu -L/lib/../lib -L/usr/lib/x86_64-linux-gnu -L/usr/lib/../lib -L/usr/lib/gcc/x86_64-linux-gnu/7/../../.. -lgfortran -lm -lquadmath >&5
/tmp/cc84WPCq.o: In function `main':
/home/yutaka/VM/vorticus/conftest.c:30: undefined reference to `foobar'
collect2: error: ld returned 1 exit status
configure:6247: $? = 1
configure: failed program was:
| /* confdefs.h */
| #define PACKAGE_NAME "vorticus"
| #define PACKAGE_TARNAME "vorticus"
| #define PACKAGE_VERSION "0.1"
| #define PACKAGE_STRING "vorticus 0.1"
| #define PACKAGE_BUGREPORT ""
| #define PACKAGE_URL ""
| #define PACKAGE "vorticus"
| #define VERSION "0.1"
| /* end confdefs.h.  */
| 
| /* Override any GCC internal prototype to avoid an error.
|    Use char because int might match the return type of a GCC
|    builtin and then its argument prototype would still apply.  */
| #ifdef __cplusplus
| extern "C"
| #endif
| char foobar ();
| #ifdef F77_DUMMY_MAIN
| 
| #  ifdef __cplusplus
|      extern "C"
| #  endif
|    int F77_DUMMY_MAIN() { return 1; }
| 
| #endif
| int
| main ()
| {
| return foobar ();
|   ;
|   return 0;
| }
configure:6247: gcc -o conftest -g -O2   conftest.c cfortran_test.o   -L/usr/lib/gcc/x86_64-linux-gnu/7 -L/usr/lib/gcc/x86_64-linux-gnu/7/../../../x86_64-linux-gnu -L/usr/lib/gcc/x86_64-linux-gnu/7/../../../../lib -L/lib/x86_64-linux-gnu -L/lib/../lib -L/usr/lib/x86_64-linux-gnu -L/usr/lib/../lib -L/usr/lib/gcc/x86_64-linux-gnu/7/../../.. -lgfortran -lm -lquadmath >&5
configure:6247: $? = 0
configure:6305: gcc -o conftest -g -O2   conftest.c cfortran_test.o   -L/usr/lib/gcc/x86_64-linux-gnu/7 -L/usr/lib/gcc/x86_64-linux-gnu/7/../../../x86_64-linux-gnu -L/usr/lib/gcc/x86_64-linux-gnu/7/../../../../lib -L/lib/x86_64-linux-gnu -L/lib/../lib -L/usr/lib/x86_64-linux-gnu -L/usr/lib/../lib -L/usr/lib/gcc/x86_64-linux-gnu/7/../../.. -lgfortran -lm -lquadmath >&5
configure:6305: $? = 0
configure:6347: result: lower case, underscore, no extra underscore
configure:6466: checking if sgemm_ is being linked in already
configure:6494: g++ -o conftest -g -O2   conftest.cpp   -L/usr/lib/gcc/x86_64-linux-gnu/7 -L/usr/lib/gcc/x86_64-linux-gnu/7/../../../x86_64-linux-gnu -L/usr/lib/gcc/x86_64-linux-gnu/7/../../../../lib -L/lib/x86_64-linux-gnu -L/lib/../lib -L/usr/lib/x86_64-linux-gnu -L/usr/lib/../lib -L/usr/lib/gcc/x86_64-linux-gnu/7/../../.. -lgfortran -lm -lquadmath >&5
/tmp/cc2p9mnG.o: In function `main':
/home/yutaka/VM/vorticus/conftest.cpp:30: undefined reference to `sgemm_'
collect2: error: ld returned 1 exit status
configure:6494: $? = 1
configure: failed program was:
| /* confdefs.h */
| #define PACKAGE_NAME "vorticus"
| #define PACKAGE_TARNAME "vorticus"
| #define PACKAGE_VERSION "0.1"
| #define PACKAGE_STRING "vorticus 0.1"
| #define PACKAGE_BUGREPORT ""
| #define PACKAGE_URL ""
| #define PACKAGE "vorticus"
| #define VERSION "0.1"
| /* end confdefs.h.  */
| 
| /* Override any GCC internal prototype to avoid an error.
|    Use char because int might match the return type of a GCC
|    builtin and then its argument prototype would still apply.  */
| #ifdef __cplusplus
| extern "C"
| #endif
| char sgemm_ ();
| #ifdef F77_DUMMY_MAIN
| 
| #  ifdef __cplusplus
|      extern "C"
| #  endif
|    int F77_DUMMY_MAIN() { return 1; }
| 
| #endif
| int
| main ()
| {
| return sgemm_ ();
|   ;
|   return 0;
| }
configure:6499: result: no
configure:6507: checking for sgemm_ in -lopenblas
configure:6540: g++ -o conftest -g -O2   conftest.cpp -lopenblas    -L/usr/lib/gcc/x86_64-linux-gnu/7 -L/usr/lib/gcc/x86_64-linux-gnu/7/../../../x86_64-linux-gnu -L/usr/lib/gcc/x86_64-linux-gnu/7/../../../../lib -L/lib/x86_64-linux-gnu -L/lib/../lib -L/usr/lib/x86_64-linux-gnu -L/usr/lib/../lib -L/usr/lib/gcc/x86_64-linux-gnu/7/../../.. -lgfortran -lm -lquadmath >&5
configure:6540: $? = 0
configure:6550: result: yes
configure:7672: checking whether g++ supports C++11 features by default
configure:7966: g++ -c -g -O2  conftest.cpp >&5
configure:7966: $? = 0
configure:7973: result: yes
configure:8390: checking how to print strings
configure:8417: result: printf
configure:8438: checking for a sed that does not truncate output
configure:8502: result: /bin/sed
configure:8520: checking for grep that handles long lines and -e
configure:8578: result: /bin/grep
configure:8583: checking for egrep
configure:8645: result: /bin/grep -E
configure:8650: checking for fgrep
configure:8712: result: /bin/grep -F
configure:8747: checking for ld used by gcc
configure:8814: result: /usr/bin/ld
configure:8821: checking if the linker (/usr/bin/ld) is GNU ld
configure:8836: result: yes
configure:8848: checking for BSD- or MS-compatible name lister (nm)
configure:8897: result: /usr/bin/nm -B
configure:9027: checking the name lister (/usr/bin/nm -B) interface
configure:9034: g++ -c -g -O2  conftest.cpp >&5
configure:9037: /usr/bin/nm -B "conftest.o"
configure:9040: output
0000000000000000 B some_variable
configure:9047: result: BSD nm
configure:9050: checking whether ln -s works
configure:9054: result: yes
configure:9062: checking the maximum length of command line arguments
configure:9193: result: 1572864
configure:9210: checking whether the shell understands some XSI constructs
configure:9220: result: yes
configure:9224: checking whether the shell understands "+="
configure:9230: result: yes
configure:9265: checking how to convert x86_64-unknown-linux-gnu file names to x86_64-unknown-linux-gnu format
configure:9305: result: func_convert_file_noop
configure:9312: checking how to convert x86_64-unknown-linux-gnu file names to toolchain format
configure:9332: result: func_convert_file_noop
configure:9339: checking for /usr/bin/ld option to reload object files
configure:9346: result: -r
configure:9420: checking for objdump
configure:9436: found /usr/bin/objdump
configure:9447: result: objdump
configure:9479: checking how to recognize dependent libraries
configure:9677: result: pass_all
configure:9762: checking for dlltool
configure:9792: result: no
configure:9822: checking how to associate runtime and link libraries
configure:9849: result: printf %s\n
configure:9973: checking for archiver @FILE support
configure:9998: g++ -c -g -O2  conftest.cpp >&5
configure:9998: $? = 0
configure:10001: ar cru libconftest.a @conftest.lst >&5
ar: `u' modifier ignored since `D' is the default (see `U')
configure:10004: $? = 0
configure:10009: ar cru libconftest.a @conftest.lst >&5
ar: `u' modifier ignored since `D' is the default (see `U')
ar: conftest.o: No such file or directory
configure:10012: $? = 1
configure:10024: result: @
configure:10082: checking for strip
configure:10098: found /usr/bin/strip
configure:10109: result: strip
configure:10181: checking for ranlib
configure:10197: found /usr/bin/ranlib
configure:10208: result: ranlib
configure:10310: checking command to parse /usr/bin/nm -B output from gcc object
configure:10430: g++ -c -g -O2  conftest.cpp >&5
configure:10433: $? = 0
configure:10437: /usr/bin/nm -B conftest.o \| sed -n -e 's/^.*[ ]\([ABCDGIRSTW][ABCDGIRSTW]*\)[ ][ ]*\([_A-Za-z][_A-Za-z0-9]*\)$/\1 \2 \2/p' | sed '/ __gnu_lto/d' \> conftest.nm
configure:10440: $? = 0
configure:10506: g++ -o conftest -g -O2   conftest.cpp conftstm.o >&5
configure:10509: $? = 0
configure:10547: result: ok
configure:10584: checking for sysroot
configure:10614: result: no
configure:10691: g++ -c -g -O2  conftest.cpp >&5
configure:10694: $? = 0
configure:10891: checking for mt
configure:10907: found /bin/mt
configure:10918: result: mt
configure:10941: checking if mt is a manifest tool
configure:10947: mt '-?'
configure:10955: result: no
configure:11605: checking how to run the C preprocessor
configure:11636: gcc -E  conftest.c
configure:11636: $? = 0
configure:11650: gcc -E  conftest.c
conftest.c:13:10: fatal error: ac_nonexistent.h: No such file or directory
 #include <ac_nonexistent.h>
          ^~~~~~~~~~~~~~~~~~
compilation terminated.
configure:11650: $? = 1
configure: failed program was:
| /* confdefs.h */
| #define PACKAGE_NAME "vorticus"
| #define PACKAGE_TARNAME "vorticus"
| #define PACKAGE_VERSION "0.1"
| #define PACKAGE_STRING "vorticus 0.1"
| #define PACKAGE_BUGREPORT ""
| #define PACKAGE_URL ""
| #define PACKAGE "vorticus"
| #define VERSION "0.1"
| #define HAVE_BLAS 1
| #define HAVE_CXX11 1
| /* end confdefs.h.  */
| #include <ac_nonexistent.h>
configure:11675: result: gcc -E
configure:11695: gcc -E  conftest.c
configure:11695: $? = 0
configure:11709: gcc -E  conftest.c
conftest.c:13:10: fatal error: ac_nonexistent.h: No such file or directory
 #include <ac_nonexistent.h>
          ^~~~~~~~~~~~~~~~~~
compilation terminated.
configure:11709: $? = 1
configure: failed program was:
| /* confdefs.h */
| #define PACKAGE_NAME "vorticus"
| #define PACKAGE_TARNAME "vorticus"
| #define PACKAGE_VERSION "0.1"
| #define PACKAGE_STRING "vorticus 0.1"
| #define PACKAGE_BUGREPORT ""
| #define PACKAGE_URL ""
| #define PACKAGE "vorticus"
| #define VERSION "0.1"
| #define HAVE_BLAS 1
| #define HAVE_CXX11 1
| /* end confdefs.h.  */
| #include <ac_nonexistent.h>
configure:11738: checking for ANSI C header files
configure:11766: gcc -c -g -O2  conftest.c >&5
configure:11766: $? = 0
configure:11839: gcc -o conftest -g -O2   conftest.c  >&5
configure:11839: $? = 0
configure:11839: ./conftest
configure:11839: $? = 0
configure:11850: result: yes
configure:11863: checking for sys/types.h
configure:11863: gcc -c -g -O2  conftest.c >&5
configure:11863: $? = 0
configure:11863: result: yes
configure:11863: checking for sys/stat.h
configure:11863: gcc -c -g -O2  conftest.c >&5
configure:11863: $? = 0
configure:11863: result: yes
configure:11863: checking for stdlib.h
configure:11863: gcc -c -g -O2  conftest.c >&5
configure:11863: $? = 0
configure:11863: result: yes
configure:11863: checking for string.h
configure:11863: gcc -c -g -O2  conftest.c >&5
configure:11863: $? = 0
configure:11863: result: yes
configure:11863: checking for memory.h
configure:11863: gcc -c -g -O2  conftest.c >&5
configure:11863: $? = 0
configure:11863: result: yes
configure:11863: checking for strings.h
configure:11863: gcc -c -g -O2  conftest.c >&5
configure:11863: $? = 0
configure:11863: result: yes
configure:11863: checking for inttypes.h
configure:11863: gcc -c -g -O2  conftest.c >&5
configure:11863: $? = 0
configure:11863: result: yes
configure:11863: checking for stdint.h
configure:11863: gcc -c -g -O2  conftest.c >&5
configure:11863: $? = 0
configure:11863: result: yes
configure:11863: checking for unistd.h
configure:11863: gcc -c -g -O2  conftest.c >&5
configure:11863: $? = 0
configure:11863: result: yes
configure:11877: checking for dlfcn.h
configure:11877: gcc -c -g -O2  conftest.c >&5
configure:11877: $? = 0
configure:11877: result: yes
configure:12092: checking for objdir
configure:12107: result: .libs
configure:12378: checking if gcc supports -fno-rtti -fno-exceptions
configure:12396: gcc -c -g -O2  -fno-rtti -fno-exceptions conftest.c >&5
cc1: warning: command line option '-fno-rtti' is valid for C++/ObjC++ but not for C
configure:12400: $? = 0
configure:12413: result: no
configure:12740: checking for gcc option to produce PIC
configure:12747: result: -fPIC -DPIC
configure:12755: checking if gcc PIC flag -fPIC -DPIC works
configure:12773: gcc -c -g -O2  -fPIC -DPIC -DPIC conftest.c >&5
configure:12777: $? = 0
configure:12790: result: yes
configure:12819: checking if gcc static flag -static works
configure:12847: result: yes
configure:12862: checking if gcc supports -c -o file.o
configure:12883: gcc -c -g -O2  -o out/conftest2.o conftest.c >&5
configure:12887: $? = 0
configure:12909: result: yes
configure:12917: checking if gcc supports -c -o file.o
configure:12964: result: yes
configure:12997: checking whether the gcc linker (/usr/bin/ld -m elf_x86_64) supports shared libraries
configure:14170: result: yes
configure:14410: checking dynamic linker characteristics
configure:14918: gcc -o conftest -g -O2   -Wl,-rpath -Wl,/foo conftest.c  >&5
configure:14918: $? = 0
configure:15152: result: GNU/Linux ld.so
configure:15259: checking how to hardcode library paths into programs
configure:15284: result: immediate
configure:15864: checking whether stripping libraries is possible
configure:15869: result: yes
configure:15904: checking if libtool supports shared libraries
configure:15906: result: yes
configure:15909: checking whether to build shared libraries
configure:15930: result: no
configure:15933: checking whether to build static libraries
configure:15937: result: yes
configure:15960: checking how to run the C++ preprocessor
configure:15987: g++ -E  conftest.cpp
configure:15987: $? = 0
configure:16001: g++ -E  conftest.cpp
conftest.cpp:25:10: fatal error: ac_nonexistent.h: No such file or directory
 #include <ac_nonexistent.h>
          ^~~~~~~~~~~~~~~~~~
compilation terminated.
configure:16001: $? = 1
configure: failed program was:
| /* confdefs.h */
| #define PACKAGE_NAME "vorticus"
| #define PACKAGE_TARNAME "vorticus"
| #define PACKAGE_VERSION "0.1"
| #define PACKAGE_STRING "vorticus 0.1"
| #define PACKAGE_BUGREPORT ""
| #define PACKAGE_URL ""
| #define PACKAGE "vorticus"
| #define VERSION "0.1"
| #define HAVE_BLAS 1
| #define HAVE_CXX11 1
| #define STDC_HEADERS 1
| #define HAVE_SYS_TYPES_H 1
| #define HAVE_SYS_STAT_H 1
| #define HAVE_STDLIB_H 1
| #define HAVE_STRING_H 1
| #define HAVE_MEMORY_H 1
| #define HAVE_STRINGS_H 1
| #define HAVE_INTTYPES_H 1
| #define HAVE_STDINT_H 1
| #define HAVE_UNISTD_H 1
| #define HAVE_DLFCN_H 1
| #define LT_OBJDIR ".libs/"
| /* end confdefs.h.  */
| #include <ac_nonexistent.h>
configure:16026: result: g++ -E
configure:16046: g++ -E  conftest.cpp
configure:16046: $? = 0
configure:16060: g++ -E  conftest.cpp
conftest.cpp:25:10: fatal error: ac_nonexistent.h: No such file or directory
 #include <ac_nonexistent.h>
          ^~~~~~~~~~~~~~~~~~
compilation terminated.
configure:16060: $? = 1
configure: failed program was:
| /* confdefs.h */
| #define PACKAGE_NAME "vorticus"
| #define PACKAGE_TARNAME "vorticus"
| #define PACKAGE_VERSION "0.1"
| #define PACKAGE_STRING "vorticus 0.1"
| #define PACKAGE_BUGREPORT ""
| #define PACKAGE_URL ""
| #define PACKAGE "vorticus"
| #define VERSION "0.1"
| #define HAVE_BLAS 1
| #define HAVE_CXX11 1
| #define STDC_HEADERS 1
| #define HAVE_SYS_TYPES_H 1
| #define HAVE_SYS_STAT_H 1
| #define HAVE_STDLIB_H 1
| #define HAVE_STRING_H 1
| #define HAVE_MEMORY_H 1
| #define HAVE_STRINGS_H 1
| #define HAVE_INTTYPES_H 1
| #define HAVE_STDINT_H 1
| #define HAVE_UNISTD_H 1
| #define HAVE_DLFCN_H 1
| #define LT_OBJDIR ".libs/"
| /* end confdefs.h.  */
| #include <ac_nonexistent.h>
configure:16229: checking for ld used by g++
configure:16296: result: /usr/bin/ld -m elf_x86_64
configure:16303: checking if the linker (/usr/bin/ld -m elf_x86_64) is GNU ld
configure:16318: result: yes
configure:16373: checking whether the g++ linker (/usr/bin/ld -m elf_x86_64) supports shared libraries
configure:17391: result: yes
configure:17427: g++ -c -g -O2  conftest.cpp >&5
configure:17430: $? = 0
configure:17950: checking for g++ option to produce PIC
configure:17957: result: -fPIC -DPIC
configure:17965: checking if g++ PIC flag -fPIC -DPIC works
configure:17983: g++ -c -g -O2  -fPIC -DPIC -DPIC conftest.cpp >&5
configure:17987: $? = 0
configure:18000: result: yes
configure:18023: checking if g++ static flag -static works
configure:18051: result: yes
configure:18063: checking if g++ supports -c -o file.o
configure:18084: g++ -c -g -O2  -o out/conftest2.o conftest.cpp >&5
configure:18088: $? = 0
configure:18110: result: yes
configure:18115: checking if g++ supports -c -o file.o
configure:18162: result: yes
configure:18192: checking whether the g++ linker (/usr/bin/ld -m elf_x86_64) supports shared libraries
configure:18231: result: yes
configure:18372: checking dynamic linker characteristics
configure:19048: result: GNU/Linux ld.so
configure:19101: checking how to hardcode library paths into programs
configure:19126: result: immediate
configure:19274: checking if libtool supports shared libraries
configure:19276: result: yes
configure:19279: checking whether to build shared libraries
configure:19299: result: no
configure:19302: checking whether to build static libraries
configure:19306: result: yes
configure:19627: checking for f77 option to produce PIC
configure:19634: result: -fPIC
configure:19642: checking if f77 PIC flag -fPIC works
configure:19660: f77 -c -g -O2 -fPIC conftest.f >&5
configure:19664: $? = 0
configure:19677: result: yes
configure:19700: checking if f77 static flag -static works
configure:19728: result: yes
configure:19740: checking if f77 supports -c -o file.o
configure:19761: f77 -c -g -O2 -o out/conftest2.o conftest.f >&5
configure:19765: $? = 0
configure:19787: result: yes
configure:19792: checking if f77 supports -c -o file.o
configure:19839: result: yes
configure:19869: checking whether the f77 linker (/usr/bin/ld -m elf_x86_64) supports shared libraries
configure:20976: result: yes
configure:21117: checking dynamic linker characteristics
configure:21779: result: GNU/Linux ld.so
configure:21832: checking how to hardcode library paths into programs
configure:21857: result: immediate
configure:22018: checking that generated files are newer than configure
configure:22024: result: done
configure:22055: creating ./config.status

## ---------------------- ##
## Running config.status. ##
## ---------------------- ##

This file was extended by vorticus config.status 0.1, which was
generated by GNU Autoconf 2.69.  Invocation command line was

  CONFIG_FILES    = 
  CONFIG_HEADERS  = 
  CONFIG_LINKS    = 
  CONFIG_COMMANDS = 
  $ ./config.status 

on yutaka-VirtualBox

config.status:1220: creating Makefile
config.status:1220: creating src/makefile
config.status:1220: creating src/vrm/makefile
config.status:1220: creating src/fmm/makefile
config.status:1220: creating src/math/makefile
config.status:1220: creating src/misc/makefile
config.status:1220: creating src/geometry/makefile
config.status:1220: creating config.h
config.status:1401: config.h is unchanged
config.status:1449: executing depfiles commands
config.status:1449: executing libtool commands

## ---------------- ##
## Cache variables. ##
## ---------------- ##

ac_cv_build=x86_64-unknown-linux-gnu
ac_cv_c_compiler_gnu=yes
ac_cv_cxx_compiler_gnu=yes
ac_cv_env_CCC_set=
ac_cv_env_CCC_value=
ac_cv_env_CC_set=
ac_cv_env_CC_value=
ac_cv_env_CFLAGS_set=
ac_cv_env_CFLAGS_value=
ac_cv_env_CPPFLAGS_set=
ac_cv_env_CPPFLAGS_value=
ac_cv_env_CPP_set=
ac_cv_env_CPP_value=
ac_cv_env_CXXCPP_set=
ac_cv_env_CXXCPP_value=
ac_cv_env_CXXFLAGS_set=
ac_cv_env_CXXFLAGS_value=
ac_cv_env_CXX_set=
ac_cv_env_CXX_value=
ac_cv_env_F77_set=
ac_cv_env_F77_value=
ac_cv_env_FFLAGS_set=
ac_cv_env_FFLAGS_value=
ac_cv_env_LDFLAGS_set=
ac_cv_env_LDFLAGS_value=
ac_cv_env_LIBS_set=
ac_cv_env_LIBS_value=
ac_cv_env_build_alias_set=
ac_cv_env_build_alias_value=
ac_cv_env_host_alias_set=
ac_cv_env_host_alias_value=
ac_cv_env_target_alias_set=
ac_cv_env_target_alias_value=
ac_cv_f77_compiler_gnu=yes
ac_cv_f77_dummy_main=none
ac_cv_f77_libs=' -L/usr/lib/gcc/x86_64-linux-gnu/7 -L/usr/lib/gcc/x86_64-linux-gnu/7/../../../x86_64-linux-gnu -L/usr/lib/gcc/x86_64-linux-gnu/7/../../../../lib -L/lib/x86_64-linux-gnu -L/lib/../lib -L/usr/lib/x86_64-linux-gnu -L/usr/lib/../lib -L/usr/lib/gcc/x86_64-linux-gnu/7/../../.. -lgfortran -lm -lquadmath'
ac_cv_f77_mangling='lower case, underscore, no extra underscore'
ac_cv_fortran_dummy_main=none
ac_cv_header_dlfcn_h=yes
ac_cv_header_inttypes_h=yes
ac_cv_header_memory_h=yes
ac_cv_header_stdc=yes
ac_cv_header_stdint_h=yes
ac_cv_header_stdlib_h=yes
ac_cv_header_string_h=yes
ac_cv_header_strings_h=yes
ac_cv_header_sys_stat_h=yes
ac_cv_header_sys_types_h=yes
ac_cv_header_unistd_h=yes
ac_cv_host=x86_64-unknown-linux-gnu
ac_cv_lib_openblas_sgemm_=yes
ac_cv_objext=o
ac_cv_path_EGREP='/bin/grep -E'
ac_cv_path_FGREP='/bin/grep -F'
ac_cv_path_GREP=/bin/grep
ac_cv_path_SED=/bin/sed
ac_cv_path_install='/usr/bin/install -c'
ac_cv_path_mkdir=/bin/mkdir
ac_cv_prog_AWK=mawk
ac_cv_prog_CPP='gcc -E'
ac_cv_prog_CXXCPP='g++ -E'
ac_cv_prog_ac_ct_AR=ar
ac_cv_prog_ac_ct_CC=gcc
ac_cv_prog_ac_ct_CXX=g++
ac_cv_prog_ac_ct_F77=f77
ac_cv_prog_ac_ct_MANIFEST_TOOL=mt
ac_cv_prog_ac_ct_OBJDUMP=objdump
ac_cv_prog_ac_ct_RANLIB=ranlib
ac_cv_prog_ac_ct_STRIP=strip
ac_cv_prog_cc_c89=
ac_cv_prog_cc_g=yes
ac_cv_prog_cxx_g=yes
ac_cv_prog_cxx_openmp=-fopenmp
ac_cv_prog_f77_g=yes
ac_cv_prog_f77_v=-v
ac_cv_prog_make_make_set=yes
ac_cv_target=x86_64-unknown-linux-gnu
am_cv_CC_dependencies_compiler_type=gcc3
am_cv_CXX_dependencies_compiler_type=gcc3
am_cv_ar_interface=ar
am_cv_make_support_nested_variables=yes
am_cv_prog_cc_c_o=yes
ax_cv_cxx_compile_cxx11=yes
lt_cv_ar_at_file=@
lt_cv_deplibs_check_method=pass_all
lt_cv_file_magic_cmd='$MAGIC_CMD'
lt_cv_file_magic_test_file=
lt_cv_ld_reload_flag=-r
lt_cv_nm_interface='BSD nm'
lt_cv_objdir=.libs
lt_cv_path_LD=/usr/bin/ld
lt_cv_path_LDCXX='/usr/bin/ld -m elf_x86_64'
lt_cv_path_NM='/usr/bin/nm -B'
lt_cv_path_mainfest_tool=no
lt_cv_prog_compiler_c_o=yes
lt_cv_prog_compiler_c_o_CXX=yes
lt_cv_prog_compiler_c_o_F77=yes
lt_cv_prog_compiler_pic='-fPIC -DPIC'
lt_cv_prog_compiler_pic_CXX='-fPIC -DPIC'
lt_cv_prog_compiler_pic_F77=-fPIC
lt_cv_prog_compiler_pic_works=yes
lt_cv_prog_compiler_pic_works_CXX=yes
lt_cv_prog_compiler_pic_works_F77=yes
lt_cv_prog_compiler_rtti_exceptions=no
lt_cv_prog_compiler_static_works=yes
lt_cv_prog_compiler_static_works_CXX=yes
lt_cv_prog_compiler_static_works_F77=yes
lt_cv_prog_gnu_ld=yes
lt_cv_prog_gnu_ldcxx=yes
lt_cv_sharedlib_from_linklib_cmd='printf %s\n'
lt_cv_shlibpath_overrides_runpath=yes
lt_cv_sys_global_symbol_pipe='sed -n -e '\''s/^.*[	 ]\([ABCDGIRSTW][ABCDGIRSTW]*\)[	 ][	 ]*\([_A-Za-z][_A-Za-z0-9]*\)$/\1 \2 \2/p'\'' | sed '\''/ __gnu_lto/d'\'''
lt_cv_sys_global_symbol_to_c_name_address='sed -n -e '\''s/^: \([^ ]*\)[ ]*$/  {\"\1\", (void *) 0},/p'\'' -e '\''s/^[ABCDGIRSTW]* \([^ ]*\) \([^ ]*\)$/  {"\2", (void *) \&\2},/p'\'''
lt_cv_sys_global_symbol_to_c_name_address_lib_prefix='sed -n -e '\''s/^: \([^ ]*\)[ ]*$/  {\"\1\", (void *) 0},/p'\'' -e '\''s/^[ABCDGIRSTW]* \([^ ]*\) \(lib[^ ]*\)$/  {"\2", (void *) \&\2},/p'\'' -e '\''s/^[ABCDGIRSTW]* \([^ ]*\) \([^ ]*\)$/  {"lib\2", (void *) \&\2},/p'\'''
lt_cv_sys_global_symbol_to_cdecl='sed -n -e '\''s/^T .* \(.*\)$/extern int \1();/p'\'' -e '\''s/^[ABCDGIRSTW]* .* \(.*\)$/extern char \1;/p'\'''
lt_cv_sys_max_cmd_len=1572864
lt_cv_to_host_file_cmd=func_convert_file_noop
lt_cv_to_tool_file_cmd=func_convert_file_noop

## ----------------- ##
## Output variables. ##
## ----------------- ##

ACLOCAL='${SHELL} /home/yutaka/VM/vorticus/missing aclocal-1.14'
AMDEPBACKSLASH='\'
AMDEP_FALSE='#'
AMDEP_TRUE=''
AMTAR='$${TAR-tar}'
AM_BACKSLASH='\'
AM_CPPFLAGS='  -fopenmp -I./.. '
AM_CXXFLAGS='-fopenmp '
AM_DEFAULT_V='$(AM_DEFAULT_VERBOSITY)'
AM_DEFAULT_VERBOSITY='0'
AM_LDFLAGS='   -fopenmp '
AM_V='$(V)'
AR='ar'
AUTOCONF='${SHELL} /home/yutaka/VM/vorticus/missing autoconf'
AUTOHEADER='${SHELL} /home/yutaka/VM/vorticus/missing autoheader'
AUTOMAKE='${SHELL} /home/yutaka/VM/vorticus/missing automake-1.14'
AWK='mawk'
BLAS_LIBS='-lopenblas'
CC='gcc'
CCDEPMODE='depmode=gcc3'
CFLAGS='-g -O2'
CPP='gcc -E'
CPPFLAGS=''
CXX='g++'
CXXCPP='g++ -E'
CXXDEPMODE='depmode=gcc3'
CXXFLAGS='-g -O2'
CYGPATH_W='echo'
DEFS='-DHAVE_CONFIG_H'
DEPDIR='.deps'
DLLTOOL='false'
DSYMUTIL=''
DUMPBIN=''
ECHO_C=''
ECHO_N='-n'
ECHO_T=''
EGREP='/bin/grep -E'
EXEEXT=''
F77='f77'
FFLAGS='-g -O2'
FGREP='/bin/grep -F'
FLIBS=' -L/usr/lib/gcc/x86_64-linux-gnu/7 -L/usr/lib/gcc/x86_64-linux-gnu/7/../../../x86_64-linux-gnu -L/usr/lib/gcc/x86_64-linux-gnu/7/../../../../lib -L/lib/x86_64-linux-gnu -L/lib/../lib -L/usr/lib/x86_64-linux-gnu -L/usr/lib/../lib -L/usr/lib/gcc/x86_64-linux-gnu/7/../../.. -lgfortran -lm -lquadmath'
GREP='/bin/grep'
HAVE_CXX11='1'
INSTALL_DATA='${INSTALL} -m 644'
INSTALL_PROGRAM='${INSTALL}'
INSTALL_SCRIPT='${INSTALL}'
INSTALL_STRIP_PROGRAM='$(install_sh) -c -s'
LD='/usr/bin/ld -m elf_x86_64'
LDFLAGS=''
LIBOBJS=''
LIBS=''
LIBTOOL='$(SHELL) $(top_builddir)/libtool'
LIPO=''
LN_S='ln -s'
LTLIBOBJS=''
MAKEINFO='${SHELL} /home/yutaka/VM/vorticus/missing makeinfo'
MANIFEST_TOOL=':'
MKDIR_P='/bin/mkdir -p'
NM='/usr/bin/nm -B'
NMEDIT=''
OBJDUMP='objdump'
OBJEXT='o'
OPENMP_CXXFLAGS='-fopenmp'
OTOOL64=''
OTOOL=''
PACKAGE='vorticus'
PACKAGE_BUGREPORT=''
PACKAGE_NAME='vorticus'
PACKAGE_STRING='vorticus 0.1'
PACKAGE_TARNAME='vorticus'
PACKAGE_URL=''
PACKAGE_VERSION='0.1'
PATH_SEPARATOR=':'
RANLIB='ranlib'
SED='/bin/sed'
SET_MAKE=''
SHELL='/bin/bash'
STRIP='strip'
VERSION='0.1'
ac_ct_AR='ar'
ac_ct_CC='gcc'
ac_ct_CXX='g++'
ac_ct_DUMPBIN=''
ac_ct_F77='f77'
am__EXEEXT_FALSE=''
am__EXEEXT_TRUE='#'
am__fastdepCC_FALSE='#'
am__fastdepCC_TRUE=''
am__fastdepCXX_FALSE='#'
am__fastdepCXX_TRUE=''
am__include='include'
am__isrc=''
am__leading_dot='.'
am__nodep='_no'
am__quote=''
am__tar='$${TAR-tar} chof - "$$tardir"'
am__untar='$${TAR-tar} xf -'
bindir='${exec_prefix}/bin'
build='x86_64-unknown-linux-gnu'
build_alias=''
build_cpu='x86_64'
build_os='linux-gnu'
build_vendor='unknown'
datadir='${datarootdir}'
datarootdir='${prefix}/share'
docdir='${datarootdir}/doc/${PACKAGE_TARNAME}'
dvidir='${docdir}'
exec_prefix='${prefix}'
host='x86_64-unknown-linux-gnu'
host_alias=''
host_cpu='x86_64'
host_os='linux-gnu'
host_vendor='unknown'
htmldir='${docdir}'
includedir='${prefix}/include'
infodir='${datarootdir}/info'
install_sh='${SHELL} /home/yutaka/VM/vorticus/install-sh'
libdir='${exec_prefix}/lib'
libexecdir='${exec_prefix}/libexec'
localedir='${datarootdir}/locale'
localstatedir='${prefix}/var'
mandir='${datarootdir}/man'
mkdir_p='$(MKDIR_P)'
oldincludedir='/usr/include'
pdfdir='${docdir}'
prefix='/usr/local'
program_transform_name='s,x,x,'
psdir='${docdir}'
sbindir='${exec_prefix}/sbin'
sharedstatedir='${prefix}/com'
sysconfdir='${prefix}/etc'
target='x86_64-unknown-linux-gnu'
target_alias=''
target_cpu='x86_64'
target_os='linux-gnu'
target_vendor='unknown'

## ----------- ##
## confdefs.h. ##
## ----------- ##

/* confdefs.h */
#define PACKAGE_NAME "vorticus"
#define PACKAGE_TARNAME "vorticus"
#define PACKAGE_VERSION "0.1"
#define PACKAGE_STRING "vorticus 0.1"
#define PACKAGE_BUGREPORT ""
#define PACKAGE_URL ""
#define PACKAGE "vorticus"
#define VERSION "0.1"
#define HAVE_BLAS 1
#define HAVE_CXX11 1
#define STDC_HEADERS 1
#define HAVE_SYS_TYPES_H 1
#define HAVE_SYS_STAT_H 1
#define HAVE_STDLIB_H 1
#define HAVE_STRING_H 1
#define HAVE_MEMORY_H 1
#define HAVE_STRINGS_H 1
#define HAVE_INTTYPES_H 1
#define HAVE_STDINT_H 1
#define HAVE_UNISTD_H 1
#define HAVE_DLFCN_H 1
#define LT_OBJDIR ".libs/"

configure: exit 0
